# JRE version: Java(TM) SE Runtime Environment (8.0_301-b09) (build 1.8.0_301-b09)
# Java VM: Java HotSpot(TM) 64-Bit Server VM (25.301-b09 mixed mode windows-amd64 compressed oops)
Heap:
 PSYoungGen      total 72192K, used 65315K [0x00000000eb200000, 0x00000000f0100000, 0x0000000100000000)
  eden space 65024K, 89% used [0x00000000eb200000,0x00000000eeacf888,0x00000000ef180000)
  from space 7168K, 99% used [0x00000000ef900000,0x00000000efff9530,0x00000000f0000000)
  to   space 7680K, 0% used [0x00000000ef180000,0x00000000ef180000,0x00000000ef900000)
 ParOldGen       total 31232K, used 8126K [0x00000000c1600000, 0x00000000c3480000, 0x00000000eb200000)
  object space 31232K, 26% used [0x00000000c1600000,0x00000000c1def880,0x00000000c3480000)
 Metaspace       used 28864K, capacity 30730K, committed 30976K, reserved 1077248K
  class space    used 3746K, capacity 4083K, committed 4096K, reserved 1048576K
GC Heap History (10 events):
Event: 1.285 GC heap before
{Heap before GC invocations=5 (full 0):
 PSYoungGen      total 35328K, used 35293K [0x00000000eb200000, 0x00000000ed700000, 0x0000000100000000)
  eden space 32768K, 99% used [0x00000000eb200000,0x00000000ed1fddd0,0x00000000ed200000)
  from space 2560K, 98% used [0x00000000ed480000,0x00000000ed6f96c8,0x00000000ed700000)
  to   space 2560K, 0% used [0x00000000ed200000,0x00000000ed200000,0x00000000ed480000)
 ParOldGen       total 44032K, used 5856K [0x00000000c1600000, 0x00000000c4100000, 0x00000000eb200000)
  object space 44032K, 13% used [0x00000000c1600000,0x00000000c1bb8288,0x00000000c4100000)
 Metaspace       used 18342K, capacity 19118K, committed 19200K, reserved 1067008K
  class space    used 2335K, capacity 2525K, committed 2560K, reserved 1048576K
Event: 1.291 GC heap after
Heap after GC invocations=5 (full 0):
 PSYoungGen      total 35328K, used 2533K [0x00000000eb200000, 0x00000000f0000000, 0x0000000100000000)
  eden space 32768K, 0% used [0x00000000eb200000,0x00000000eb200000,0x00000000ed200000)
  from space 2560K, 98% used [0x00000000ed200000,0x00000000ed4796c8,0x00000000ed480000)
  to   space 7168K, 0% used [0x00000000ef900000,0x00000000ef900000,0x00000000f0000000)
 ParOldGen       total 44032K, used 10080K [0x00000000c1600000, 0x00000000c4100000, 0x00000000eb200000)
  object space 44032K, 22% used [0x00000000c1600000,0x00000000c1fd82f0,0x00000000c4100000)
 Metaspace       used 18342K, capacity 19118K, committed 19200K, reserved 1067008K
  class space    used 2335K, capacity 2525K, committed 2560K, reserved 1048576K
}
Event: 1.303 GC heap before
{Heap before GC invocations=6 (full 0):
 PSYoungGen      total 35328K, used 35267K [0x00000000eb200000, 0x00000000f0000000, 0x0000000100000000)
  eden space 32768K, 99% used [0x00000000eb200000,0x00000000ed1f7920,0x00000000ed200000)
  from space 2560K, 98% used [0x00000000ed200000,0x00000000ed4796c8,0x00000000ed480000)
  to   space 7168K, 0% used [0x00000000ef900000,0x00000000ef900000,0x00000000f0000000)
 ParOldGen       total 44032K, used 10080K [0x00000000c1600000, 0x00000000c4100000, 0x00000000eb200000)
  object space 44032K, 22% used [0x00000000c1600000,0x00000000c1fd82f0,0x00000000c4100000)
 Metaspace       used 18363K, capacity 19118K, committed 19200K, reserved 1067008K
  class space    used 2338K, capacity 2525K, committed 2560K, reserved 1048576K
Event: 1.306 GC heap after
Heap after GC invocations=6 (full 0):
 PSYoungGen      total 72192K, used 2722K [0x00000000eb200000, 0x00000000f0100000, 0x0000000100000000)
  eden space 65024K, 0% used [0x00000000eb200000,0x00000000eb200000,0x00000000ef180000)
  from space 7168K, 37% used [0x00000000ef900000,0x00000000efba8ba8,0x00000000f0000000)
  to   space 7680K, 0% used [0x00000000ef180000,0x00000000ef180000,0x00000000ef900000)
 ParOldGen       total 44032K, used 10080K [0x00000000c1600000, 0x00000000c4100000, 0x00000000eb200000)
  object space 44032K, 22% used [0x00000000c1600000,0x00000000c1fd82f0,0x00000000c4100000)
 Metaspace       used 18363K, capacity 19118K, committed 19200K, reserved 1067008K
  class space    used 2338K, capacity 2525K, committed 2560K, reserved 1048576K
}
Event: 1.715 GC heap before
{Heap before GC invocations=7 (full 0):
 PSYoungGen      total 72192K, used 36496K [0x00000000eb200000, 0x00000000f0100000, 0x0000000100000000)
  eden space 65024K, 51% used [0x00000000eb200000,0x00000000ed2fb550,0x00000000ef180000)
  from space 7168K, 37% used [0x00000000ef900000,0x00000000efba8ba8,0x00000000f0000000)
  to   space 7680K, 0% used [0x00000000ef180000,0x00000000ef180000,0x00000000ef900000)
 ParOldGen       total 44032K, used 10080K [0x00000000c1600000, 0x00000000c4100000, 0x00000000eb200000)
  object space 44032K, 22% used [0x00000000c1600000,0x00000000c1fd82f0,0x00000000c4100000)
 Metaspace       used 20268K, capacity 21232K, committed 21248K, reserved 1067008K
  class space    used 2565K, capacity 2812K, committed 2816K, reserved 1048576K
Event: 1.722 GC heap after
Heap after GC invocations=7 (full 0):
 PSYoungGen      total 72704K, used 4514K [0x00000000eb200000, 0x00000000f0100000, 0x0000000100000000)
  eden space 65024K, 0% used [0x00000000eb200000,0x00000000eb200000,0x00000000ef180000)
  from space 7680K, 58% used [0x00000000ef180000,0x00000000ef5e89c8,0x00000000ef900000)
  to   space 7168K, 0% used [0x00000000ef900000,0x00000000ef900000,0x00000000f0000000)
 ParOldGen       total 44032K, used 11319K [0x00000000c1600000, 0x00000000c4100000, 0x00000000eb200000)
  object space 44032K, 25% used [0x00000000c1600000,0x00000000c210de48,0x00000000c4100000)
 Metaspace       used 20268K, capacity 21232K, committed 21248K, reserved 1067008K
  class space    used 2565K, capacity 2812K, committed 2816K, reserved 1048576K
}
Event: 1.723 GC heap before
{Heap before GC invocations=8 (full 1):
 PSYoungGen      total 72704K, used 4514K [0x00000000eb200000, 0x00000000f0100000, 0x0000000100000000)
  eden space 65024K, 0% used [0x00000000eb200000,0x00000000eb200000,0x00000000ef180000)
  from space 7680K, 58% used [0x00000000ef180000,0x00000000ef5e89c8,0x00000000ef900000)
  to   space 7168K, 0% used [0x00000000ef900000,0x00000000ef900000,0x00000000f0000000)
 ParOldGen       total 44032K, used 11319K [0x00000000c1600000, 0x00000000c4100000, 0x00000000eb200000)
  object space 44032K, 25% used [0x00000000c1600000,0x00000000c210de48,0x00000000c4100000)
 Metaspace       used 20268K, capacity 21232K, committed 21248K, reserved 1067008K
  class space    used 2565K, capacity 2812K, committed 2816K, reserved 1048576K
Event: 1.748 GC heap after
Heap after GC invocations=8 (full 1):
 PSYoungGen      total 72704K, used 0K [0x00000000eb200000, 0x00000000f0100000, 0x0000000100000000)
  eden space 65024K, 0% used [0x00000000eb200000,0x00000000eb200000,0x00000000ef180000)
  from space 7680K, 0% used [0x00000000ef180000,0x00000000ef180000,0x00000000ef900000)
  to   space 7168K, 0% used [0x00000000ef900000,0x00000000ef900000,0x00000000f0000000)
 ParOldGen       total 31232K, used 7177K [0x00000000c1600000, 0x00000000c3480000, 0x00000000eb200000)
  object space 31232K, 22% used [0x00000000c1600000,0x00000000c1d02670,0x00000000c3480000)
 Metaspace       used 20268K, capacity 21232K, committed 21248K, reserved 1067008K
  class space    used 2565K, capacity 2812K, committed 2816K, reserved 1048576K
}
Event: 3.363 GC heap before
{Heap before GC invocations=9 (full 1):
 PSYoungGen      total 72704K, used 64996K [0x00000000eb200000, 0x00000000f0100000, 0x0000000100000000)
  eden space 65024K, 99% used [0x00000000eb200000,0x00000000ef179080,0x00000000ef180000)
  from space 7680K, 0% used [0x00000000ef180000,0x00000000ef180000,0x00000000ef900000)
  to   space 7168K, 0% used [0x00000000ef900000,0x00000000ef900000,0x00000000f0000000)
 ParOldGen       total 31232K, used 7177K [0x00000000c1600000, 0x00000000c3480000, 0x00000000eb200000)
  object space 31232K, 22% used [0x00000000c1600000,0x00000000c1d02670,0x00000000c3480000)
 Metaspace       used 26518K, capacity 28138K, committed 28416K, reserved 1073152K
  class space    used 3423K, capacity 3733K, committed 3840K, reserved 1048576K
Event: 3.372 GC heap after
Heap after GC invocations=9 (full 1):
 PSYoungGen      total 72192K, used 7141K [0x00000000eb200000, 0x00000000f0100000, 0x0000000100000000)
  eden space 65024K, 0% used [0x00000000eb200000,0x00000000eb200000,0x00000000ef180000)
  from space 7168K, 99% used [0x00000000ef900000,0x00000000efff9530,0x00000000f0000000)
  to   space 7680K, 0% used [0x00000000ef180000,0x00000000ef180000,0x00000000ef900000)
 ParOldGen       total 31232K, used 8126K [0x00000000c1600000, 0x00000000c3480000, 0x00000000eb200000)
  object space 31232K, 26% used [0x00000000c1600000,0x00000000c1def880,0x00000000c3480000)
 Metaspace       used 26518K, capacity 28138K, committed 28416K, reserved 1073152K
  class space    used 3423K, capacity 3733K, committed 3840K, reserved 1048576K
}

