# JRE version: Java(TM) SE Runtime Environment (8.0_301-b09) (build 1.8.0_301-b09)
# Java VM: Java HotSpot(TM) 64-Bit Server VM (25.301-b09 mixed mode windows-amd64 compressed oops)
Heap:
 PSYoungGen      total 137728K, used 16039K [0x00000000eb200000, 0x00000000f7180000, 0x0000000100000000)
  eden space 129024K, 12% used [0x00000000eb200000,0x00000000ec1a9cc8,0x00000000f3000000)
  from space 8704K, 0% used [0x00000000f3000000,0x00000000f3000000,0x00000000f3880000)
  to   space 11776K, 0% used [0x00000000f6600000,0x00000000f6600000,0x00000000f7180000)
 ParOldGen       total 45056K, used 16338K [0x00000000c1600000, 0x00000000c4200000, 0x00000000eb200000)
  object space 45056K, 36% used [0x00000000c1600000,0x00000000c25f48d0,0x00000000c4200000)
 Metaspace       used 34401K, capacity 36516K, committed 36696K, reserved 1081344K
  class space    used 4466K, capacity 4866K, committed 4992K, reserved 1048576K
GC Heap History (10 events):
Event: 1.926 GC heap before
{Heap before GC invocations=7 (full 0):
 PSYoungGen      total 73216K, used 36648K [0x00000000eb200000, 0x00000000f0100000, 0x0000000100000000)
  eden space 65536K, 51% used [0x00000000eb200000,0x00000000ed30b6f0,0x00000000ef200000)
  from space 7680K, 36% used [0x00000000ef980000,0x00000000efc3e950,0x00000000f0100000)
  to   space 7680K, 0% used [0x00000000ef200000,0x00000000ef200000,0x00000000ef980000)
 ParOldGen       total 44032K, used 10190K [0x00000000c1600000, 0x00000000c4100000, 0x00000000eb200000)
  object space 44032K, 23% used [0x00000000c1600000,0x00000000c1ff3a50,0x00000000c4100000)
 Metaspace       used 20268K, capacity 21232K, committed 21248K, reserved 1067008K
  class space    used 2566K, capacity 2812K, committed 2816K, reserved 1048576K
Event: 1.936 GC heap after
Heap after GC invocations=7 (full 0):
 PSYoungGen      total 73216K, used 5065K [0x00000000eb200000, 0x00000000f4100000, 0x0000000100000000)
  eden space 65536K, 0% used [0x00000000eb200000,0x00000000eb200000,0x00000000ef200000)
  from space 7680K, 65% used [0x00000000ef200000,0x00000000ef6f27e0,0x00000000ef980000)
  to   space 7680K, 0% used [0x00000000f3980000,0x00000000f3980000,0x00000000f4100000)
 ParOldGen       total 44032K, used 11407K [0x00000000c1600000, 0x00000000c4100000, 0x00000000eb200000)
  object space 44032K, 25% used [0x00000000c1600000,0x00000000c2123f28,0x00000000c4100000)
 Metaspace       used 20268K, capacity 21232K, committed 21248K, reserved 1067008K
  class space    used 2566K, capacity 2812K, committed 2816K, reserved 1048576K
}
Event: 1.936 GC heap before
{Heap before GC invocations=8 (full 1):
 PSYoungGen      total 73216K, used 5065K [0x00000000eb200000, 0x00000000f4100000, 0x0000000100000000)
  eden space 65536K, 0% used [0x00000000eb200000,0x00000000eb200000,0x00000000ef200000)
  from space 7680K, 65% used [0x00000000ef200000,0x00000000ef6f27e0,0x00000000ef980000)
  to   space 7680K, 0% used [0x00000000f3980000,0x00000000f3980000,0x00000000f4100000)
 ParOldGen       total 44032K, used 11407K [0x00000000c1600000, 0x00000000c4100000, 0x00000000eb200000)
  object space 44032K, 25% used [0x00000000c1600000,0x00000000c2123f28,0x00000000c4100000)
 Metaspace       used 20268K, capacity 21232K, committed 21248K, reserved 1067008K
  class space    used 2566K, capacity 2812K, committed 2816K, reserved 1048576K
Event: 1.962 GC heap after
Heap after GC invocations=8 (full 1):
 PSYoungGen      total 73216K, used 0K [0x00000000eb200000, 0x00000000f4100000, 0x0000000100000000)
  eden space 65536K, 0% used [0x00000000eb200000,0x00000000eb200000,0x00000000ef200000)
  from space 7680K, 0% used [0x00000000ef200000,0x00000000ef200000,0x00000000ef980000)
  to   space 7680K, 0% used [0x00000000f3980000,0x00000000f3980000,0x00000000f4100000)
 ParOldGen       total 30720K, used 7084K [0x00000000c1600000, 0x00000000c3400000, 0x00000000eb200000)
  object space 30720K, 23% used [0x00000000c1600000,0x00000000c1ceb3c0,0x00000000c3400000)
 Metaspace       used 20268K, capacity 21232K, committed 21248K, reserved 1067008K
  class space    used 2566K, capacity 2812K, committed 2816K, reserved 1048576K
}
Event: 3.804 GC heap before
{Heap before GC invocations=9 (full 1):
 PSYoungGen      total 73216K, used 65516K [0x00000000eb200000, 0x00000000f4100000, 0x0000000100000000)
  eden space 65536K, 99% used [0x00000000eb200000,0x00000000ef1fb0c0,0x00000000ef200000)
  from space 7680K, 0% used [0x00000000ef200000,0x00000000ef200000,0x00000000ef980000)
  to   space 7680K, 0% used [0x00000000f3980000,0x00000000f3980000,0x00000000f4100000)
 ParOldGen       total 30720K, used 7084K [0x00000000c1600000, 0x00000000c3400000, 0x00000000eb200000)
  object space 30720K, 23% used [0x00000000c1600000,0x00000000c1ceb3c0,0x00000000c3400000)
 Metaspace       used 26529K, capacity 28138K, committed 28416K, reserved 1073152K
  class space    used 3423K, capacity 3733K, committed 3840K, reserved 1048576K
Event: 3.813 GC heap after
Heap after GC invocations=9 (full 1):
 PSYoungGen      total 125952K, used 7665K [0x00000000eb200000, 0x00000000f4100000, 0x0000000100000000)
  eden space 118272K, 0% used [0x00000000eb200000,0x00000000eb200000,0x00000000f2580000)
  from space 7680K, 99% used [0x00000000f3980000,0x00000000f40fc428,0x00000000f4100000)
  to   space 8704K, 0% used [0x00000000f3000000,0x00000000f3000000,0x00000000f3880000)
 ParOldGen       total 30720K, used 7605K [0x00000000c1600000, 0x00000000c3400000, 0x00000000eb200000)
  object space 30720K, 24% used [0x00000000c1600000,0x00000000c1d6d408,0x00000000c3400000)
 Metaspace       used 26529K, capacity 28138K, committed 28416K, reserved 1073152K
  class space    used 3423K, capacity 3733K, committed 3840K, reserved 1048576K
}
Event: 11.325 GC heap before
{Heap before GC invocations=10 (full 1):
 PSYoungGen      total 125952K, used 107315K [0x00000000eb200000, 0x00000000f4100000, 0x0000000100000000)
  eden space 118272K, 84% used [0x00000000eb200000,0x00000000f13509d8,0x00000000f2580000)
  from space 7680K, 99% used [0x00000000f3980000,0x00000000f40fc428,0x00000000f4100000)
  to   space 8704K, 0% used [0x00000000f3000000,0x00000000f3000000,0x00000000f3880000)
 ParOldGen       total 30720K, used 7605K [0x00000000c1600000, 0x00000000c3400000, 0x00000000eb200000)
  object space 30720K, 24% used [0x00000000c1600000,0x00000000c1d6d408,0x00000000c3400000)
 Metaspace       used 33290K, capacity 35314K, committed 35416K, reserved 1079296K
  class space    used 4332K, capacity 4687K, committed 4736K, reserved 1048576K
Event: 11.335 GC heap after
Heap after GC invocations=10 (full 1):
 PSYoungGen      total 137728K, used 8684K [0x00000000eb200000, 0x00000000f7180000, 0x0000000100000000)
  eden space 129024K, 0% used [0x00000000eb200000,0x00000000eb200000,0x00000000f3000000)
  from space 8704K, 99% used [0x00000000f3000000,0x00000000f387b240,0x00000000f3880000)
  to   space 11776K, 0% used [0x00000000f6600000,0x00000000f6600000,0x00000000f7180000)
 ParOldGen       total 30720K, used 11695K [0x00000000c1600000, 0x00000000c3400000, 0x00000000eb200000)
  object space 30720K, 38% used [0x00000000c1600000,0x00000000c216bf60,0x00000000c3400000)
 Metaspace       used 33290K, capacity 35314K, committed 35416K, reserved 1079296K
  class space    used 4332K, capacity 4687K, committed 4736K, reserved 1048576K
}
Event: 11.335 GC heap before
{Heap before GC invocations=11 (full 2):
 PSYoungGen      total 137728K, used 8684K [0x00000000eb200000, 0x00000000f7180000, 0x0000000100000000)
  eden space 129024K, 0% used [0x00000000eb200000,0x00000000eb200000,0x00000000f3000000)
  from space 8704K, 99% used [0x00000000f3000000,0x00000000f387b240,0x00000000f3880000)
  to   space 11776K, 0% used [0x00000000f6600000,0x00000000f6600000,0x00000000f7180000)
 ParOldGen       total 30720K, used 11695K [0x00000000c1600000, 0x00000000c3400000, 0x00000000eb200000)
  object space 30720K, 38% used [0x00000000c1600000,0x00000000c216bf60,0x00000000c3400000)
 Metaspace       used 33290K, capacity 35314K, committed 35416K, reserved 1079296K
  class space    used 4332K, capacity 4687K, committed 4736K, reserved 1048576K
Event: 11.416 GC heap after
Heap after GC invocations=11 (full 2):
 PSYoungGen      total 137728K, used 0K [0x00000000eb200000, 0x00000000f7180000, 0x0000000100000000)
  eden space 129024K, 0% used [0x00000000eb200000,0x00000000eb200000,0x00000000f3000000)
  from space 8704K, 0% used [0x00000000f3000000,0x00000000f3000000,0x00000000f3880000)
  to   space 11776K, 0% used [0x00000000f6600000,0x00000000f6600000,0x00000000f7180000)
 ParOldGen       total 45056K, used 16338K [0x00000000c1600000, 0x00000000c4200000, 0x00000000eb200000)
  object space 45056K, 36% used [0x00000000c1600000,0x00000000c25f48d0,0x00000000c4200000)
 Metaspace       used 33290K, capacity 35314K, committed 35416K, reserved 1079296K
  class space    used 4332K, capacity 4687K, committed 4736K, reserved 1048576K
}

