# JRE version: Java(TM) SE Runtime Environment (8.0_301-b09) (build 1.8.0_301-b09)
# Java VM: Java HotSpot(TM) 64-Bit Server VM (25.301-b09 mixed mode windows-amd64 compressed oops)
Heap:
 PSYoungGen      total 72704K, used 41585K [0x00000000eb200000, 0x00000000f3f00000, 0x0000000100000000)
  eden space 65024K, 63% used [0x00000000eb200000,0x00000000eda9c508,0x00000000ef180000)
  from space 7680K, 0% used [0x00000000ef180000,0x00000000ef180000,0x00000000ef900000)
  to   space 7168K, 0% used [0x00000000f3800000,0x00000000f3800000,0x00000000f3f00000)
 ParOldGen       total 30208K, used 7087K [0x00000000c1600000, 0x00000000c3380000, 0x00000000eb200000)
  object space 30208K, 23% used [0x00000000c1600000,0x00000000c1cebed0,0x00000000c3380000)
 Metaspace       used 24233K, capacity 25860K, committed 26112K, reserved 1071104K
  class space    used 3166K, capacity 3494K, committed 3584K, reserved 1048576K
GC Heap History (10 events):
Event: 2.135 GC heap before
{Heap before GC invocations=4 (full 0):
 PSYoungGen      total 18944K, used 18920K [0x00000000eb200000, 0x00000000ed700000, 0x0000000100000000)
  eden space 16384K, 100% used [0x00000000eb200000,0x00000000ec200000,0x00000000ec200000)
  from space 2560K, 99% used [0x00000000ec200000,0x00000000ec47a000,0x00000000ec480000)
  to   space 2560K, 0% used [0x00000000ed480000,0x00000000ed480000,0x00000000ed700000)
 ParOldGen       total 44032K, used 3378K [0x00000000c1600000, 0x00000000c4100000, 0x00000000eb200000)
  object space 44032K, 7% used [0x00000000c1600000,0x00000000c194c850,0x00000000c4100000)
 Metaspace       used 14507K, capacity 15178K, committed 15360K, reserved 1062912K
  class space    used 1799K, capacity 1971K, committed 2048K, reserved 1048576K
Event: 2.150 GC heap after
Heap after GC invocations=4 (full 0):
 PSYoungGen      total 35328K, used 2549K [0x00000000eb200000, 0x00000000ed700000, 0x0000000100000000)
  eden space 32768K, 0% used [0x00000000eb200000,0x00000000eb200000,0x00000000ed200000)
  from space 2560K, 99% used [0x00000000ed480000,0x00000000ed6fd6d8,0x00000000ed700000)
  to   space 2560K, 0% used [0x00000000ed200000,0x00000000ed200000,0x00000000ed480000)
 ParOldGen       total 44032K, used 5957K [0x00000000c1600000, 0x00000000c4100000, 0x00000000eb200000)
  object space 44032K, 13% used [0x00000000c1600000,0x00000000c1bd1648,0x00000000c4100000)
 Metaspace       used 14507K, capacity 15178K, committed 15360K, reserved 1062912K
  class space    used 1799K, capacity 1971K, committed 2048K, reserved 1048576K
}
Event: 2.615 GC heap before
{Heap before GC invocations=5 (full 0):
 PSYoungGen      total 35328K, used 35313K [0x00000000eb200000, 0x00000000ed700000, 0x0000000100000000)
  eden space 32768K, 99% used [0x00000000eb200000,0x00000000ed1fed68,0x00000000ed200000)
  from space 2560K, 99% used [0x00000000ed480000,0x00000000ed6fd6d8,0x00000000ed700000)
  to   space 2560K, 0% used [0x00000000ed200000,0x00000000ed200000,0x00000000ed480000)
 ParOldGen       total 44032K, used 6187K [0x00000000c1600000, 0x00000000c4100000, 0x00000000eb200000)
  object space 44032K, 14% used [0x00000000c1600000,0x00000000c1c0af48,0x00000000c4100000)
 Metaspace       used 18342K, capacity 19118K, committed 19200K, reserved 1067008K
  class space    used 2336K, capacity 2525K, committed 2560K, reserved 1048576K
Event: 2.630 GC heap after
Heap after GC invocations=5 (full 0):
 PSYoungGen      total 35328K, used 2549K [0x00000000eb200000, 0x00000000f0000000, 0x0000000100000000)
  eden space 32768K, 0% used [0x00000000eb200000,0x00000000eb200000,0x00000000ed200000)
  from space 2560K, 99% used [0x00000000ed200000,0x00000000ed47d6d8,0x00000000ed480000)
  to   space 7168K, 0% used [0x00000000ef900000,0x00000000ef900000,0x00000000f0000000)
 ParOldGen       total 44032K, used 10435K [0x00000000c1600000, 0x00000000c4100000, 0x00000000eb200000)
  object space 44032K, 23% used [0x00000000c1600000,0x00000000c2030f28,0x00000000c4100000)
 Metaspace       used 18342K, capacity 19118K, committed 19200K, reserved 1067008K
  class space    used 2336K, capacity 2525K, committed 2560K, reserved 1048576K
}
Event: 2.649 GC heap before
{Heap before GC invocations=6 (full 0):
 PSYoungGen      total 35328K, used 35317K [0x00000000eb200000, 0x00000000f0000000, 0x0000000100000000)
  eden space 32768K, 100% used [0x00000000eb200000,0x00000000ed200000,0x00000000ed200000)
  from space 2560K, 99% used [0x00000000ed200000,0x00000000ed47d6d8,0x00000000ed480000)
  to   space 7168K, 0% used [0x00000000ef900000,0x00000000ef900000,0x00000000f0000000)
 ParOldGen       total 44032K, used 10893K [0x00000000c1600000, 0x00000000c4100000, 0x00000000eb200000)
  object space 44032K, 24% used [0x00000000c1600000,0x00000000c20a36a8,0x00000000c4100000)
 Metaspace       used 18362K, capacity 19118K, committed 19200K, reserved 1067008K
  class space    used 2339K, capacity 2525K, committed 2560K, reserved 1048576K
Event: 2.663 GC heap after
Heap after GC invocations=6 (full 0):
 PSYoungGen      total 72192K, used 2686K [0x00000000eb200000, 0x00000000f0100000, 0x0000000100000000)
  eden space 65024K, 0% used [0x00000000eb200000,0x00000000eb200000,0x00000000ef180000)
  from space 7168K, 37% used [0x00000000ef900000,0x00000000efb9f948,0x00000000f0000000)
  to   space 7680K, 0% used [0x00000000ef180000,0x00000000ef180000,0x00000000ef900000)
 ParOldGen       total 44032K, used 10893K [0x00000000c1600000, 0x00000000c4100000, 0x00000000eb200000)
  object space 44032K, 24% used [0x00000000c1600000,0x00000000c20a36a8,0x00000000c4100000)
 Metaspace       used 18362K, capacity 19118K, committed 19200K, reserved 1067008K
  class space    used 2339K, capacity 2525K, committed 2560K, reserved 1048576K
}
Event: 3.523 GC heap before
{Heap before GC invocations=7 (full 0):
 PSYoungGen      total 72192K, used 35111K [0x00000000eb200000, 0x00000000f0100000, 0x0000000100000000)
  eden space 65024K, 49% used [0x00000000eb200000,0x00000000ed1aa420,0x00000000ef180000)
  from space 7168K, 37% used [0x00000000ef900000,0x00000000efb9f948,0x00000000f0000000)
  to   space 7680K, 0% used [0x00000000ef180000,0x00000000ef180000,0x00000000ef900000)
 ParOldGen       total 44032K, used 10893K [0x00000000c1600000, 0x00000000c4100000, 0x00000000eb200000)
  object space 44032K, 24% used [0x00000000c1600000,0x00000000c20a36a8,0x00000000c4100000)
 Metaspace       used 20220K, capacity 21228K, committed 21248K, reserved 1067008K
  class space    used 2560K, capacity 2810K, committed 2816K, reserved 1048576K
Event: 3.535 GC heap after
Heap after GC invocations=7 (full 0):
 PSYoungGen      total 72704K, used 4433K [0x00000000eb200000, 0x00000000f3f00000, 0x0000000100000000)
  eden space 65024K, 0% used [0x00000000eb200000,0x00000000eb200000,0x00000000ef180000)
  from space 7680K, 57% used [0x00000000ef180000,0x00000000ef5d47f8,0x00000000ef900000)
  to   space 7168K, 0% used [0x00000000f3800000,0x00000000f3800000,0x00000000f3f00000)
 ParOldGen       total 44032K, used 12114K [0x00000000c1600000, 0x00000000c4100000, 0x00000000eb200000)
  object space 44032K, 27% used [0x00000000c1600000,0x00000000c21d48f0,0x00000000c4100000)
 Metaspace       used 20220K, capacity 21228K, committed 21248K, reserved 1067008K
  class space    used 2560K, capacity 2810K, committed 2816K, reserved 1048576K
}
Event: 3.535 GC heap before
{Heap before GC invocations=8 (full 1):
 PSYoungGen      total 72704K, used 4433K [0x00000000eb200000, 0x00000000f3f00000, 0x0000000100000000)
  eden space 65024K, 0% used [0x00000000eb200000,0x00000000eb200000,0x00000000ef180000)
  from space 7680K, 57% used [0x00000000ef180000,0x00000000ef5d47f8,0x00000000ef900000)
  to   space 7168K, 0% used [0x00000000f3800000,0x00000000f3800000,0x00000000f3f00000)
 ParOldGen       total 44032K, used 12114K [0x00000000c1600000, 0x00000000c4100000, 0x00000000eb200000)
  object space 44032K, 27% used [0x00000000c1600000,0x00000000c21d48f0,0x00000000c4100000)
 Metaspace       used 20220K, capacity 21228K, committed 21248K, reserved 1067008K
  class space    used 2560K, capacity 2810K, committed 2816K, reserved 1048576K
Event: 3.575 GC heap after
Heap after GC invocations=8 (full 1):
 PSYoungGen      total 72704K, used 0K [0x00000000eb200000, 0x00000000f3f00000, 0x0000000100000000)
  eden space 65024K, 0% used [0x00000000eb200000,0x00000000eb200000,0x00000000ef180000)
  from space 7680K, 0% used [0x00000000ef180000,0x00000000ef180000,0x00000000ef900000)
  to   space 7168K, 0% used [0x00000000f3800000,0x00000000f3800000,0x00000000f3f00000)
 ParOldGen       total 30208K, used 7087K [0x00000000c1600000, 0x00000000c3380000, 0x00000000eb200000)
  object space 30208K, 23% used [0x00000000c1600000,0x00000000c1cebed0,0x00000000c3380000)
 Metaspace       used 20220K, capacity 21228K, committed 21248K, reserved 1067008K
  class space    used 2560K, capacity 2810K, committed 2816K, reserved 1048576K
}

