# JRE version: Java(TM) SE Runtime Environment (8.0_301-b09) (build 1.8.0_301-b09)
# Java VM: Java HotSpot(TM) 64-Bit Server VM (25.301-b09 mixed mode windows-amd64 compressed oops)
Heap:
 PSYoungGen      total 73216K, used 43866K [0x00000000eb200000, 0x00000000f4100000, 0x0000000100000000)
  eden space 65536K, 66% used [0x00000000eb200000,0x00000000edcd6948,0x00000000ef200000)
  from space 7680K, 0% used [0x00000000ef200000,0x00000000ef200000,0x00000000ef980000)
  to   space 7680K, 0% used [0x00000000f3980000,0x00000000f3980000,0x00000000f4100000)
 ParOldGen       total 29696K, used 7185K [0x00000000c1600000, 0x00000000c3300000, 0x00000000eb200000)
  object space 29696K, 24% used [0x00000000c1600000,0x00000000c1d044c8,0x00000000c3300000)
 Metaspace       used 24323K, capacity 25902K, committed 26112K, reserved 1071104K
  class space    used 3187K, capacity 3501K, committed 3584K, reserved 1048576K
GC Heap History (10 events):
Event: 2.150 GC heap before
{Heap before GC invocations=4 (full 0):
 PSYoungGen      total 18944K, used 18933K [0x00000000eb200000, 0x00000000ed700000, 0x0000000100000000)
  eden space 16384K, 100% used [0x00000000eb200000,0x00000000ec200000,0x00000000ec200000)
  from space 2560K, 99% used [0x00000000ec200000,0x00000000ec47d6d8,0x00000000ec480000)
  to   space 2560K, 0% used [0x00000000ed480000,0x00000000ed480000,0x00000000ed700000)
 ParOldGen       total 44032K, used 3282K [0x00000000c1600000, 0x00000000c4100000, 0x00000000eb200000)
  object space 44032K, 7% used [0x00000000c1600000,0x00000000c1934a58,0x00000000c4100000)
 Metaspace       used 14503K, capacity 15174K, committed 15360K, reserved 1062912K
  class space    used 1802K, capacity 1971K, committed 2048K, reserved 1048576K
Event: 2.166 GC heap after
Heap after GC invocations=4 (full 0):
 PSYoungGen      total 35328K, used 2549K [0x00000000eb200000, 0x00000000ed700000, 0x0000000100000000)
  eden space 32768K, 0% used [0x00000000eb200000,0x00000000eb200000,0x00000000ed200000)
  from space 2560K, 99% used [0x00000000ed480000,0x00000000ed6fd6d8,0x00000000ed700000)
  to   space 2560K, 0% used [0x00000000ed200000,0x00000000ed200000,0x00000000ed480000)
 ParOldGen       total 44032K, used 5888K [0x00000000c1600000, 0x00000000c4100000, 0x00000000eb200000)
  object space 44032K, 13% used [0x00000000c1600000,0x00000000c1bc0040,0x00000000c4100000)
 Metaspace       used 14503K, capacity 15174K, committed 15360K, reserved 1062912K
  class space    used 1802K, capacity 1971K, committed 2048K, reserved 1048576K
}
Event: 2.622 GC heap before
{Heap before GC invocations=5 (full 0):
 PSYoungGen      total 35328K, used 35317K [0x00000000eb200000, 0x00000000ed700000, 0x0000000100000000)
  eden space 32768K, 100% used [0x00000000eb200000,0x00000000ed200000,0x00000000ed200000)
  from space 2560K, 99% used [0x00000000ed480000,0x00000000ed6fd6d8,0x00000000ed700000)
  to   space 2560K, 0% used [0x00000000ed200000,0x00000000ed200000,0x00000000ed480000)
 ParOldGen       total 44032K, used 5888K [0x00000000c1600000, 0x00000000c4100000, 0x00000000eb200000)
  object space 44032K, 13% used [0x00000000c1600000,0x00000000c1bc0040,0x00000000c4100000)
 Metaspace       used 18344K, capacity 19114K, committed 19200K, reserved 1067008K
  class space    used 2337K, capacity 2525K, committed 2560K, reserved 1048576K
Event: 2.635 GC heap after
Heap after GC invocations=5 (full 0):
 PSYoungGen      total 35328K, used 2549K [0x00000000eb200000, 0x00000000f0100000, 0x0000000100000000)
  eden space 32768K, 0% used [0x00000000eb200000,0x00000000eb200000,0x00000000ed200000)
  from space 2560K, 99% used [0x00000000ed200000,0x00000000ed47d6b8,0x00000000ed480000)
  to   space 7680K, 0% used [0x00000000ef980000,0x00000000ef980000,0x00000000f0100000)
 ParOldGen       total 44032K, used 10206K [0x00000000c1600000, 0x00000000c4100000, 0x00000000eb200000)
  object space 44032K, 23% used [0x00000000c1600000,0x00000000c1ff78c0,0x00000000c4100000)
 Metaspace       used 18344K, capacity 19114K, committed 19200K, reserved 1067008K
  class space    used 2337K, capacity 2525K, committed 2560K, reserved 1048576K
}
Event: 2.661 GC heap before
{Heap before GC invocations=6 (full 0):
 PSYoungGen      total 35328K, used 35317K [0x00000000eb200000, 0x00000000f0100000, 0x0000000100000000)
  eden space 32768K, 100% used [0x00000000eb200000,0x00000000ed200000,0x00000000ed200000)
  from space 2560K, 99% used [0x00000000ed200000,0x00000000ed47d6b8,0x00000000ed480000)
  to   space 7680K, 0% used [0x00000000ef980000,0x00000000ef980000,0x00000000f0100000)
 ParOldGen       total 44032K, used 10206K [0x00000000c1600000, 0x00000000c4100000, 0x00000000eb200000)
  object space 44032K, 23% used [0x00000000c1600000,0x00000000c1ff78c0,0x00000000c4100000)
 Metaspace       used 18364K, capacity 19114K, committed 19200K, reserved 1067008K
  class space    used 2341K, capacity 2525K, committed 2560K, reserved 1048576K
Event: 2.674 GC heap after
Heap after GC invocations=6 (full 0):
 PSYoungGen      total 73216K, used 2700K [0x00000000eb200000, 0x00000000f0100000, 0x0000000100000000)
  eden space 65536K, 0% used [0x00000000eb200000,0x00000000eb200000,0x00000000ef200000)
  from space 7680K, 35% used [0x00000000ef980000,0x00000000efc23020,0x00000000f0100000)
  to   space 7680K, 0% used [0x00000000ef200000,0x00000000ef200000,0x00000000ef980000)
 ParOldGen       total 44032K, used 10206K [0x00000000c1600000, 0x00000000c4100000, 0x00000000eb200000)
  object space 44032K, 23% used [0x00000000c1600000,0x00000000c1ff78c0,0x00000000c4100000)
 Metaspace       used 18364K, capacity 19114K, committed 19200K, reserved 1067008K
  class space    used 2341K, capacity 2525K, committed 2560K, reserved 1048576K
}
Event: 3.556 GC heap before
{Heap before GC invocations=7 (full 0):
 PSYoungGen      total 73216K, used 36245K [0x00000000eb200000, 0x00000000f0100000, 0x0000000100000000)
  eden space 65536K, 51% used [0x00000000eb200000,0x00000000ed2c2608,0x00000000ef200000)
  from space 7680K, 35% used [0x00000000ef980000,0x00000000efc23020,0x00000000f0100000)
  to   space 7680K, 0% used [0x00000000ef200000,0x00000000ef200000,0x00000000ef980000)
 ParOldGen       total 44032K, used 10206K [0x00000000c1600000, 0x00000000c4100000, 0x00000000eb200000)
  object space 44032K, 23% used [0x00000000c1600000,0x00000000c1ff78c0,0x00000000c4100000)
 Metaspace       used 20280K, capacity 21228K, committed 21248K, reserved 1067008K
  class space    used 2568K, capacity 2812K, committed 2816K, reserved 1048576K
Event: 3.564 GC heap after
Heap after GC invocations=7 (full 0):
 PSYoungGen      total 73216K, used 5164K [0x00000000eb200000, 0x00000000f4100000, 0x0000000100000000)
  eden space 65536K, 0% used [0x00000000eb200000,0x00000000eb200000,0x00000000ef200000)
  from space 7680K, 67% used [0x00000000ef200000,0x00000000ef70b290,0x00000000ef980000)
  to   space 7680K, 0% used [0x00000000f3980000,0x00000000f3980000,0x00000000f4100000)
 ParOldGen       total 44032K, used 11401K [0x00000000c1600000, 0x00000000c4100000, 0x00000000eb200000)
  object space 44032K, 25% used [0x00000000c1600000,0x00000000c2122428,0x00000000c4100000)
 Metaspace       used 20280K, capacity 21228K, committed 21248K, reserved 1067008K
  class space    used 2568K, capacity 2812K, committed 2816K, reserved 1048576K
}
Event: 3.564 GC heap before
{Heap before GC invocations=8 (full 1):
 PSYoungGen      total 73216K, used 5164K [0x00000000eb200000, 0x00000000f4100000, 0x0000000100000000)
  eden space 65536K, 0% used [0x00000000eb200000,0x00000000eb200000,0x00000000ef200000)
  from space 7680K, 67% used [0x00000000ef200000,0x00000000ef70b290,0x00000000ef980000)
  to   space 7680K, 0% used [0x00000000f3980000,0x00000000f3980000,0x00000000f4100000)
 ParOldGen       total 44032K, used 11401K [0x00000000c1600000, 0x00000000c4100000, 0x00000000eb200000)
  object space 44032K, 25% used [0x00000000c1600000,0x00000000c2122428,0x00000000c4100000)
 Metaspace       used 20280K, capacity 21228K, committed 21248K, reserved 1067008K
  class space    used 2568K, capacity 2812K, committed 2816K, reserved 1048576K
Event: 3.600 GC heap after
Heap after GC invocations=8 (full 1):
 PSYoungGen      total 73216K, used 0K [0x00000000eb200000, 0x00000000f4100000, 0x0000000100000000)
  eden space 65536K, 0% used [0x00000000eb200000,0x00000000eb200000,0x00000000ef200000)
  from space 7680K, 0% used [0x00000000ef200000,0x00000000ef200000,0x00000000ef980000)
  to   space 7680K, 0% used [0x00000000f3980000,0x00000000f3980000,0x00000000f4100000)
 ParOldGen       total 29696K, used 7185K [0x00000000c1600000, 0x00000000c3300000, 0x00000000eb200000)
  object space 29696K, 24% used [0x00000000c1600000,0x00000000c1d044c8,0x00000000c3300000)
 Metaspace       used 20280K, capacity 21228K, committed 21248K, reserved 1067008K
  class space    used 2568K, capacity 2812K, committed 2816K, reserved 1048576K
}

